<?xml version="1.0" encoding="windows-1252" standalone="no"?>
<log>
<record>
  <date>2017-05-13T18:03:20</date>
  <millis>1494691400978</millis>
  <sequence>0</sequence>
  <level>START</level>
  <class>com.kms.katalon.core.logging.KeywordLogger</class>
  <method>startSuite</method>
  <thread>1</thread>
  <message>Start Test Suite : Verify DK Production</message>
  <nestedLevel>0</nestedLevel>
  <property name="name">Verify DK Production</property>
  <property name="description">Verify DK Production</property>
  <property name="id">Test Suites/Verify DK Production</property>
</record>
<record>
  <date>2017-05-13T18:03:21</date>
  <millis>1494691401073</millis>
  <sequence>1</sequence>
  <level>RUN_DATA</level>
  <class>com.kms.katalon.core.logging.KeywordLogger</class>
  <method>logMessage</method>
  <thread>1</thread>
  <message>Logging run data &amp;apos;hostName&amp;apos; with value &amp;apos;hassan.hashem - SW-QC-Hassan.z2data.local&amp;apos;</message>
  <nestedLevel>0</nestedLevel>
  <property name="hostName">hassan.hashem - SW-QC-Hassan.z2data.local</property>
</record>
<record>
  <date>2017-05-13T18:03:21</date>
  <millis>1494691401075</millis>
  <sequence>2</sequence>
  <level>RUN_DATA</level>
  <class>com.kms.katalon.core.logging.KeywordLogger</class>
  <method>logMessage</method>
  <thread>1</thread>
  <message>Logging run data &amp;apos;os&amp;apos; with value &amp;apos;Windows 10 64bit&amp;apos;</message>
  <nestedLevel>0</nestedLevel>
  <property name="os">Windows 10 64bit</property>
</record>
<record>
  <date>2017-05-13T18:03:21</date>
  <millis>1494691401076</millis>
  <sequence>3</sequence>
  <level>RUN_DATA</level>
  <class>com.kms.katalon.core.logging.KeywordLogger</class>
  <method>logMessage</method>
  <thread>1</thread>
  <message>Logging run data &amp;apos;hostAddress&amp;apos; with value &amp;apos;192.168.1.102&amp;apos;</message>
  <nestedLevel>0</nestedLevel>
  <property name="hostAddress">192.168.1.102</property>
</record>
<record>
  <date>2017-05-13T18:03:21</date>
  <millis>1494691401080</millis>
  <sequence>4</sequence>
  <level>RUN_DATA</level>
  <class>com.kms.katalon.core.logging.KeywordLogger</class>
  <method>logMessage</method>
  <thread>1</thread>
  <message>Logging run data &amp;apos;katalonVersion&amp;apos; with value &amp;apos;4.5.0.3&amp;apos;</message>
  <nestedLevel>0</nestedLevel>
  <property name="katalonVersion">4.5.0.3</property>
</record>
<record>
  <date>2017-05-13T18:03:21</date>
  <millis>1494691401374</millis>
  <sequence>5</sequence>
  <level>START</level>
  <class>com.kms.katalon.core.logging.KeywordLogger</class>
  <method>startTest</method>
  <thread>1</thread>
  <message>Start Test Case : Test Cases/DK Production/Verify Site Up and Runing</message>
  <nestedLevel>1</nestedLevel>
  <property name="name">Test Cases/DK Production/Verify Site Up and Runing</property>
  <property name="description">Verify Site Up and Runing</property>
  <property name="id">Test Cases/DK Production/Verify Site Up and Runing</property>
  <property name="source">D:\\KatalonProjects\\DKTest Cases\\DK Production\\Verify Site Up and Runing.tc</property>
  <property name="isOptional">false</property>
</record>
<record>
  <date>2017-05-13T18:03:21</date>
  <millis>1494691401560</millis>
  <sequence>6</sequence>
  <level>INFO</level>
  <class>com.kms.katalon.core.logging.KeywordLogger</class>
  <method>logMessage</method>
  <thread>1</thread>
  <message>Evaluating variables for test case</message>
  <nestedLevel>1</nestedLevel>
</record>
<record>
  <date>2017-05-13T18:03:21</date>
  <millis>1494691401811</millis>
  <sequence>7</sequence>
  <level>START</level>
  <class>com.kms.katalon.core.logging.KeywordLogger</class>
  <method>startKeyword</method>
  <thread>1</thread>
  <message>Start action : openBrowser</message>
  <nestedLevel>1</nestedLevel>
  <property name="startLine">22</property>
  <property name="stepIndex">1</property>
</record>
<record>
  <date>2017-05-13T18:03:22</date>
  <millis>1494691402467</millis>
  <sequence>8</sequence>
  <level>INFO</level>
  <class>com.kms.katalon.core.logging.KeywordLogger</class>
  <method>logMessage</method>
  <thread>1</thread>
  <message>Opening browser</message>
  <nestedLevel>1</nestedLevel>
</record>
<record>
  <date>2017-05-13T18:03:22</date>
  <millis>1494691402492</millis>
  <sequence>9</sequence>
  <level>INFO</level>
  <class>com.kms.katalon.core.logging.KeywordLogger</class>
  <method>logMessage</method>
  <thread>1</thread>
  <message>Starting &amp;apos;Firefox&amp;apos; driver</message>
  <nestedLevel>1</nestedLevel>
</record>
<record>
  <date>2017-05-13T18:03:32</date>
  <millis>1494691412058</millis>
  <sequence>10</sequence>
  <level>RUN_DATA</level>
  <class>com.kms.katalon.core.logging.KeywordLogger</class>
  <method>logMessage</method>
  <thread>1</thread>
  <message>Logging run data &amp;apos;sessionId&amp;apos; with value &amp;apos;bd55cf72-ec1a-4614-adbe-d616276d4ad7&amp;apos;</message>
  <nestedLevel>1</nestedLevel>
  <property name="sessionId">bd55cf72-ec1a-4614-adbe-d616276d4ad7</property>
</record>
<record>
  <date>2017-05-13T18:03:32</date>
  <millis>1494691412130</millis>
  <sequence>11</sequence>
  <level>RUN_DATA</level>
  <class>com.kms.katalon.core.logging.KeywordLogger</class>
  <method>logMessage</method>
  <thread>1</thread>
  <message>Logging run data &amp;apos;browser&amp;apos; with value &amp;apos;Firefox 53.0&amp;apos;</message>
  <nestedLevel>1</nestedLevel>
  <property name="browser">Firefox 53.0</property>
</record>
<record>
  <date>2017-05-13T18:03:32</date>
  <millis>1494691412130</millis>
  <sequence>12</sequence>
  <level>RUN_DATA</level>
  <class>com.kms.katalon.core.logging.KeywordLogger</class>
  <method>logMessage</method>
  <thread>1</thread>
  <message>Logging run data &amp;apos;platform&amp;apos; with value &amp;apos;Windows 10&amp;apos;</message>
  <nestedLevel>1</nestedLevel>
  <property name="platform">Windows 10</property>
</record>
<record>
  <date>2017-05-13T18:03:32</date>
  <millis>1494691412133</millis>
  <sequence>13</sequence>
  <level>RUN_DATA</level>
  <class>com.kms.katalon.core.logging.KeywordLogger</class>
  <method>logMessage</method>
  <thread>1</thread>
  <message>Logging run data &amp;apos;seleniumVersion&amp;apos; with value &amp;apos;2.53.0&amp;apos;</message>
  <nestedLevel>1</nestedLevel>
  <property name="seleniumVersion">2.53.0</property>
</record>
<record>
  <date>2017-05-13T18:03:32</date>
  <millis>1494691412134</millis>
  <sequence>14</sequence>
  <level>PASSED</level>
  <class>com.kms.katalon.core.logging.KeywordLogger</class>
  <method>logMessage</method>
  <thread>1</thread>
  <message>Browser is opened with url: &amp;apos;&amp;apos;</message>
  <nestedLevel>1</nestedLevel>
</record>
<record>
  <date>2017-05-13T18:03:32</date>
  <millis>1494691412135</millis>
  <sequence>15</sequence>
  <level>END</level>
  <class>com.kms.katalon.core.logging.KeywordLogger</class>
  <method>endKeyword</method>
  <thread>1</thread>
  <message>End action : openBrowser</message>
  <nestedLevel>1</nestedLevel>
</record>
<record>
  <date>2017-05-13T18:03:32</date>
  <millis>1494691412136</millis>
  <sequence>16</sequence>
  <level>START</level>
  <class>com.kms.katalon.core.logging.KeywordLogger</class>
  <method>startKeyword</method>
  <thread>1</thread>
  <message>Start action : navigateToUrl</message>
  <nestedLevel>1</nestedLevel>
  <property name="startLine">24</property>
  <property name="stepIndex">2</property>
</record>
<record>
  <date>2017-05-13T18:03:32</date>
  <millis>1494691412163</millis>
  <sequence>17</sequence>
  <level>INFO</level>
  <class>com.kms.katalon.core.logging.KeywordLogger</class>
  <method>logMessage</method>
  <thread>1</thread>
  <message>Checking url</message>
  <nestedLevel>1</nestedLevel>
</record>
<record>
  <date>2017-05-13T18:03:32</date>
  <millis>1494691412166</millis>
  <sequence>18</sequence>
  <level>INFO</level>
  <class>com.kms.katalon.core.logging.KeywordLogger</class>
  <method>logMessage</method>
  <thread>1</thread>
  <message>Navigating to &amp;apos;http://dk.z2data.com/Account/Login?ReturnUrl=%2F&amp;apos;</message>
  <nestedLevel>1</nestedLevel>
</record>
<record>
  <date>2017-05-13T18:03:48</date>
  <millis>1494691428339</millis>
  <sequence>19</sequence>
  <level>PASSED</level>
  <class>com.kms.katalon.core.logging.KeywordLogger</class>
  <method>logMessage</method>
  <thread>1</thread>
  <message>Navigate to &amp;apos;http://dk.z2data.com/Account/Login?ReturnUrl=%2F&amp;apos; successfully</message>
  <nestedLevel>1</nestedLevel>
</record>
<record>
  <date>2017-05-13T18:03:48</date>
  <millis>1494691428340</millis>
  <sequence>20</sequence>
  <level>END</level>
  <class>com.kms.katalon.core.logging.KeywordLogger</class>
  <method>endKeyword</method>
  <thread>1</thread>
  <message>End action : navigateToUrl</message>
  <nestedLevel>1</nestedLevel>
</record>
<record>
  <date>2017-05-13T18:03:48</date>
  <millis>1494691428340</millis>
  <sequence>21</sequence>
  <level>START</level>
  <class>com.kms.katalon.core.logging.KeywordLogger</class>
  <method>startKeyword</method>
  <thread>1</thread>
  <message>Start action : setText</message>
  <nestedLevel>1</nestedLevel>
  <property name="startLine">26</property>
  <property name="stepIndex">3</property>
</record>
<record>
  <date>2017-05-13T18:03:48</date>
  <millis>1494691428346</millis>
  <sequence>22</sequence>
  <level>INFO</level>
  <class>com.kms.katalon.core.logging.KeywordLogger</class>
  <method>logMessage</method>
  <thread>1</thread>
  <message>Finding Test Object with id &amp;apos;Object Repository/DK Production/Verify Site Up and Runing/input_Email&amp;apos;</message>
  <nestedLevel>1</nestedLevel>
</record>
<record>
  <date>2017-05-13T18:03:48</date>
  <millis>1494691428369</millis>
  <sequence>23</sequence>
  <level>INFO</level>
  <class>com.kms.katalon.core.logging.KeywordLogger</class>
  <method>logMessage</method>
  <thread>1</thread>
  <message>Checking object</message>
  <nestedLevel>1</nestedLevel>
</record>
<record>
  <date>2017-05-13T18:03:48</date>
  <millis>1494691428370</millis>
  <sequence>24</sequence>
  <level>INFO</level>
  <class>com.kms.katalon.core.logging.KeywordLogger</class>
  <method>logMessage</method>
  <thread>1</thread>
  <message>Checking text</message>
  <nestedLevel>1</nestedLevel>
</record>
<record>
  <date>2017-05-13T18:03:48</date>
  <millis>1494691428371</millis>
  <sequence>25</sequence>
  <level>INFO</level>
  <class>com.kms.katalon.core.logging.KeywordLogger</class>
  <method>logMessage</method>
  <thread>1</thread>
  <message>Checking timeout</message>
  <nestedLevel>1</nestedLevel>
</record>
<record>
  <date>2017-05-13T18:03:48</date>
  <millis>1494691428450</millis>
  <sequence>26</sequence>
  <level>INFO</level>
  <class>com.kms.katalon.core.logging.KeywordLogger</class>
  <method>logMessage</method>
  <thread>1</thread>
  <message>Finding web element with id: &amp;apos;Object Repository/DK Production/Verify Site Up and Runing/input_Email&amp;apos; located by &amp;apos;By.xpath: //input[count(. | id(\&amp;quot;page-wrapper\&amp;quot;)/div[@class=\&amp;quot;wrapper wrapper-content\&amp;quot;]/div[@class=\&amp;quot;container\&amp;quot;]/div[@class=\&amp;quot;middle-box text-center loginscreen animated fadeInDown\&amp;quot;]/div[1]/form[@class=\&amp;quot;form-horizontal\&amp;quot;]/div[@class=\&amp;quot;form-group\&amp;quot;]/div[1]/input[@id=\&amp;quot;Email\&amp;quot;]) = count(id(\&amp;quot;page-wrapper\&amp;quot;)/div[@class=\&amp;quot;wrapper wrapper-content\&amp;quot;]/div[@class=\&amp;quot;container\&amp;quot;]/div[@class=\&amp;quot;middle-box text-center loginscreen animated fadeInDown\&amp;quot;]/div[1]/form[@class=\&amp;quot;form-horizontal\&amp;quot;]/div[@class=\&amp;quot;form-group\&amp;quot;]/div[1]/input[@id=\&amp;quot;Email\&amp;quot;])]&amp;apos; in &amp;apos;30&amp;apos; second(s)</message>
  <nestedLevel>1</nestedLevel>
</record>
<record>
  <date>2017-05-13T18:03:48</date>
  <millis>1494691428565</millis>
  <sequence>27</sequence>
  <level>INFO</level>
  <class>com.kms.katalon.core.logging.KeywordLogger</class>
  <method>logMessage</method>
  <thread>1</thread>
  <message>Found 1 web elements with id: &amp;apos;Object Repository/DK Production/Verify Site Up and Runing/input_Email&amp;apos; located by &amp;apos;By.xpath: //input[count(. | id(\&amp;quot;page-wrapper\&amp;quot;)/div[@class=\&amp;quot;wrapper wrapper-content\&amp;quot;]/div[@class=\&amp;quot;container\&amp;quot;]/div[@class=\&amp;quot;middle-box text-center loginscreen animated fadeInDown\&amp;quot;]/div[1]/form[@class=\&amp;quot;form-horizontal\&amp;quot;]/div[@class=\&amp;quot;form-group\&amp;quot;]/div[1]/input[@id=\&amp;quot;Email\&amp;quot;]) = count(id(\&amp;quot;page-wrapper\&amp;quot;)/div[@class=\&amp;quot;wrapper wrapper-content\&amp;quot;]/div[@class=\&amp;quot;container\&amp;quot;]/div[@class=\&amp;quot;middle-box text-center loginscreen animated fadeInDown\&amp;quot;]/div[1]/form[@class=\&amp;quot;form-horizontal\&amp;quot;]/div[@class=\&amp;quot;form-group\&amp;quot;]/div[1]/input[@id=\&amp;quot;Email\&amp;quot;])]&amp;apos; in &amp;apos;30&amp;apos; second(s)</message>
  <nestedLevel>1</nestedLevel>
</record>
<record>
  <date>2017-05-13T18:03:48</date>
  <millis>1494691428566</millis>
  <sequence>28</sequence>
  <level>INFO</level>
  <class>com.kms.katalon.core.logging.KeywordLogger</class>
  <method>logMessage</method>
  <thread>1</thread>
  <message>Clearing text of object &amp;apos;Object Repository/DK Production/Verify Site Up and Runing/input_Email&amp;apos;</message>
  <nestedLevel>1</nestedLevel>
</record>
<record>
  <date>2017-05-13T18:03:48</date>
  <millis>1494691428625</millis>
  <sequence>29</sequence>
  <level>INFO</level>
  <class>com.kms.katalon.core.logging.KeywordLogger</class>
  <method>logMessage</method>
  <thread>1</thread>
  <message>Checking timeout</message>
  <nestedLevel>1</nestedLevel>
</record>
<record>
  <date>2017-05-13T18:03:48</date>
  <millis>1494691428626</millis>
  <sequence>30</sequence>
  <level>INFO</level>
  <class>com.kms.katalon.core.logging.KeywordLogger</class>
  <method>logMessage</method>
  <thread>1</thread>
  <message>Finding web element with id: &amp;apos;Object Repository/DK Production/Verify Site Up and Runing/input_Email&amp;apos; located by &amp;apos;By.xpath: //input[count(. | id(\&amp;quot;page-wrapper\&amp;quot;)/div[@class=\&amp;quot;wrapper wrapper-content\&amp;quot;]/div[@class=\&amp;quot;container\&amp;quot;]/div[@class=\&amp;quot;middle-box text-center loginscreen animated fadeInDown\&amp;quot;]/div[1]/form[@class=\&amp;quot;form-horizontal\&amp;quot;]/div[@class=\&amp;quot;form-group\&amp;quot;]/div[1]/input[@id=\&amp;quot;Email\&amp;quot;]) = count(id(\&amp;quot;page-wrapper\&amp;quot;)/div[@class=\&amp;quot;wrapper wrapper-content\&amp;quot;]/div[@class=\&amp;quot;container\&amp;quot;]/div[@class=\&amp;quot;middle-box text-center loginscreen animated fadeInDown\&amp;quot;]/div[1]/form[@class=\&amp;quot;form-horizontal\&amp;quot;]/div[@class=\&amp;quot;form-group\&amp;quot;]/div[1]/input[@id=\&amp;quot;Email\&amp;quot;])]&amp;apos; in &amp;apos;30&amp;apos; second(s)</message>
  <nestedLevel>1</nestedLevel>
</record>
<record>
  <date>2017-05-13T18:03:48</date>
  <millis>1494691428657</millis>
  <sequence>31</sequence>
  <level>INFO</level>
  <class>com.kms.katalon.core.logging.KeywordLogger</class>
  <method>logMessage</method>
  <thread>1</thread>
  <message>Found 1 web elements with id: &amp;apos;Object Repository/DK Production/Verify Site Up and Runing/input_Email&amp;apos; located by &amp;apos;By.xpath: //input[count(. | id(\&amp;quot;page-wrapper\&amp;quot;)/div[@class=\&amp;quot;wrapper wrapper-content\&amp;quot;]/div[@class=\&amp;quot;container\&amp;quot;]/div[@class=\&amp;quot;middle-box text-center loginscreen animated fadeInDown\&amp;quot;]/div[1]/form[@class=\&amp;quot;form-horizontal\&amp;quot;]/div[@class=\&amp;quot;form-group\&amp;quot;]/div[1]/input[@id=\&amp;quot;Email\&amp;quot;]) = count(id(\&amp;quot;page-wrapper\&amp;quot;)/div[@class=\&amp;quot;wrapper wrapper-content\&amp;quot;]/div[@class=\&amp;quot;container\&amp;quot;]/div[@class=\&amp;quot;middle-box text-center loginscreen animated fadeInDown\&amp;quot;]/div[1]/form[@class=\&amp;quot;form-horizontal\&amp;quot;]/div[@class=\&amp;quot;form-group\&amp;quot;]/div[1]/input[@id=\&amp;quot;Email\&amp;quot;])]&amp;apos; in &amp;apos;30&amp;apos; second(s)</message>
  <nestedLevel>1</nestedLevel>
</record>
<record>
  <date>2017-05-13T18:03:48</date>
  <millis>1494691428659</millis>
  <sequence>32</sequence>
  <level>INFO</level>
  <class>com.kms.katalon.core.logging.KeywordLogger</class>
  <method>logMessage</method>
  <thread>1</thread>
  <message>Setting text of object &amp;apos;Object Repository/DK Production/Verify Site Up and Runing/input_Email&amp;apos; to value &amp;apos;hassan.hashem@z2data.com&amp;apos;</message>
  <nestedLevel>1</nestedLevel>
</record>
<record>
  <date>2017-05-13T18:03:48</date>
  <millis>1494691428828</millis>
  <sequence>33</sequence>
  <level>PASSED</level>
  <class>com.kms.katalon.core.logging.KeywordLogger</class>
  <method>logMessage</method>
  <thread>1</thread>
  <message>Text &amp;apos;hassan.hashem@z2data.com&amp;apos; is set on object &amp;apos;Object Repository/DK Production/Verify Site Up and Runing/input_Email&amp;apos;</message>
  <nestedLevel>1</nestedLevel>
</record>
<record>
  <date>2017-05-13T18:03:48</date>
  <millis>1494691428828</millis>
  <sequence>34</sequence>
  <level>END</level>
  <class>com.kms.katalon.core.logging.KeywordLogger</class>
  <method>endKeyword</method>
  <thread>1</thread>
  <message>End action : setText</message>
  <nestedLevel>1</nestedLevel>
</record>
<record>
  <date>2017-05-13T18:03:48</date>
  <millis>1494691428829</millis>
  <sequence>35</sequence>
  <level>START</level>
  <class>com.kms.katalon.core.logging.KeywordLogger</class>
  <method>startKeyword</method>
  <thread>1</thread>
  <message>Start action : setText</message>
  <nestedLevel>1</nestedLevel>
  <property name="startLine">28</property>
  <property name="stepIndex">4</property>
</record>
<record>
  <date>2017-05-13T18:03:48</date>
  <millis>1494691428830</millis>
  <sequence>36</sequence>
  <level>INFO</level>
  <class>com.kms.katalon.core.logging.KeywordLogger</class>
  <method>logMessage</method>
  <thread>1</thread>
  <message>Finding Test Object with id &amp;apos;Object Repository/DK Production/Verify Site Up and Runing/input_Password&amp;apos;</message>
  <nestedLevel>1</nestedLevel>
</record>
<record>
  <date>2017-05-13T18:03:48</date>
  <millis>1494691428837</millis>
  <sequence>37</sequence>
  <level>INFO</level>
  <class>com.kms.katalon.core.logging.KeywordLogger</class>
  <method>logMessage</method>
  <thread>1</thread>
  <message>Checking object</message>
  <nestedLevel>1</nestedLevel>
</record>
<record>
  <date>2017-05-13T18:03:48</date>
  <millis>1494691428837</millis>
  <sequence>38</sequence>
  <level>INFO</level>
  <class>com.kms.katalon.core.logging.KeywordLogger</class>
  <method>logMessage</method>
  <thread>1</thread>
  <message>Checking text</message>
  <nestedLevel>1</nestedLevel>
</record>
<record>
  <date>2017-05-13T18:03:48</date>
  <millis>1494691428838</millis>
  <sequence>39</sequence>
  <level>INFO</level>
  <class>com.kms.katalon.core.logging.KeywordLogger</class>
  <method>logMessage</method>
  <thread>1</thread>
  <message>Checking timeout</message>
  <nestedLevel>1</nestedLevel>
</record>
<record>
  <date>2017-05-13T18:03:48</date>
  <millis>1494691428839</millis>
  <sequence>40</sequence>
  <level>INFO</level>
  <class>com.kms.katalon.core.logging.KeywordLogger</class>
  <method>logMessage</method>
  <thread>1</thread>
  <message>Finding web element with id: &amp;apos;Object Repository/DK Production/Verify Site Up and Runing/input_Password&amp;apos; located by &amp;apos;By.xpath: //input[count(. | id(\&amp;quot;page-wrapper\&amp;quot;)/div[@class=\&amp;quot;wrapper wrapper-content\&amp;quot;]/div[@class=\&amp;quot;container\&amp;quot;]/div[@class=\&amp;quot;middle-box text-center loginscreen animated fadeInDown\&amp;quot;]/div[1]/form[@class=\&amp;quot;form-horizontal\&amp;quot;]/div[@class=\&amp;quot;form-group\&amp;quot;]/input[@id=\&amp;quot;Password\&amp;quot;]) = count(id(\&amp;quot;page-wrapper\&amp;quot;)/div[@class=\&amp;quot;wrapper wrapper-content\&amp;quot;]/div[@class=\&amp;quot;container\&amp;quot;]/div[@class=\&amp;quot;middle-box text-center loginscreen animated fadeInDown\&amp;quot;]/div[1]/form[@class=\&amp;quot;form-horizontal\&amp;quot;]/div[@class=\&amp;quot;form-group\&amp;quot;]/input[@id=\&amp;quot;Password\&amp;quot;])]&amp;apos; in &amp;apos;30&amp;apos; second(s)</message>
  <nestedLevel>1</nestedLevel>
</record>
<record>
  <date>2017-05-13T18:03:48</date>
  <millis>1494691428864</millis>
  <sequence>41</sequence>
  <level>INFO</level>
  <class>com.kms.katalon.core.logging.KeywordLogger</class>
  <method>logMessage</method>
  <thread>1</thread>
  <message>Found 1 web elements with id: &amp;apos;Object Repository/DK Production/Verify Site Up and Runing/input_Password&amp;apos; located by &amp;apos;By.xpath: //input[count(. | id(\&amp;quot;page-wrapper\&amp;quot;)/div[@class=\&amp;quot;wrapper wrapper-content\&amp;quot;]/div[@class=\&amp;quot;container\&amp;quot;]/div[@class=\&amp;quot;middle-box text-center loginscreen animated fadeInDown\&amp;quot;]/div[1]/form[@class=\&amp;quot;form-horizontal\&amp;quot;]/div[@class=\&amp;quot;form-group\&amp;quot;]/input[@id=\&amp;quot;Password\&amp;quot;]) = count(id(\&amp;quot;page-wrapper\&amp;quot;)/div[@class=\&amp;quot;wrapper wrapper-content\&amp;quot;]/div[@class=\&amp;quot;container\&amp;quot;]/div[@class=\&amp;quot;middle-box text-center loginscreen animated fadeInDown\&amp;quot;]/div[1]/form[@class=\&amp;quot;form-horizontal\&amp;quot;]/div[@class=\&amp;quot;form-group\&amp;quot;]/input[@id=\&amp;quot;Password\&amp;quot;])]&amp;apos; in &amp;apos;30&amp;apos; second(s)</message>
  <nestedLevel>1</nestedLevel>
</record>
<record>
  <date>2017-05-13T18:03:48</date>
  <millis>1494691428865</millis>
  <sequence>42</sequence>
  <level>INFO</level>
  <class>com.kms.katalon.core.logging.KeywordLogger</class>
  <method>logMessage</method>
  <thread>1</thread>
  <message>Clearing text of object &amp;apos;Object Repository/DK Production/Verify Site Up and Runing/input_Password&amp;apos;</message>
  <nestedLevel>1</nestedLevel>
</record>
<record>
  <date>2017-05-13T18:03:49</date>
  <millis>1494691429630</millis>
  <sequence>43</sequence>
  <level>INFO</level>
  <class>com.kms.katalon.core.logging.KeywordLogger</class>
  <method>logMessage</method>
  <thread>1</thread>
  <message>Checking timeout</message>
  <nestedLevel>1</nestedLevel>
</record>
<record>
  <date>2017-05-13T18:03:49</date>
  <millis>1494691429632</millis>
  <sequence>44</sequence>
  <level>INFO</level>
  <class>com.kms.katalon.core.logging.KeywordLogger</class>
  <method>logMessage</method>
  <thread>1</thread>
  <message>Finding web element with id: &amp;apos;Object Repository/DK Production/Verify Site Up and Runing/input_Password&amp;apos; located by &amp;apos;By.xpath: //input[count(. | id(\&amp;quot;page-wrapper\&amp;quot;)/div[@class=\&amp;quot;wrapper wrapper-content\&amp;quot;]/div[@class=\&amp;quot;container\&amp;quot;]/div[@class=\&amp;quot;middle-box text-center loginscreen animated fadeInDown\&amp;quot;]/div[1]/form[@class=\&amp;quot;form-horizontal\&amp;quot;]/div[@class=\&amp;quot;form-group\&amp;quot;]/input[@id=\&amp;quot;Password\&amp;quot;]) = count(id(\&amp;quot;page-wrapper\&amp;quot;)/div[@class=\&amp;quot;wrapper wrapper-content\&amp;quot;]/div[@class=\&amp;quot;container\&amp;quot;]/div[@class=\&amp;quot;middle-box text-center loginscreen animated fadeInDown\&amp;quot;]/div[1]/form[@class=\&amp;quot;form-horizontal\&amp;quot;]/div[@class=\&amp;quot;form-group\&amp;quot;]/input[@id=\&amp;quot;Password\&amp;quot;])]&amp;apos; in &amp;apos;30&amp;apos; second(s)</message>
  <nestedLevel>1</nestedLevel>
</record>
<record>
  <date>2017-05-13T18:03:49</date>
  <millis>1494691429711</millis>
  <sequence>45</sequence>
  <level>INFO</level>
  <class>com.kms.katalon.core.logging.KeywordLogger</class>
  <method>logMessage</method>
  <thread>1</thread>
  <message>Found 1 web elements with id: &amp;apos;Object Repository/DK Production/Verify Site Up and Runing/input_Password&amp;apos; located by &amp;apos;By.xpath: //input[count(. | id(\&amp;quot;page-wrapper\&amp;quot;)/div[@class=\&amp;quot;wrapper wrapper-content\&amp;quot;]/div[@class=\&amp;quot;container\&amp;quot;]/div[@class=\&amp;quot;middle-box text-center loginscreen animated fadeInDown\&amp;quot;]/div[1]/form[@class=\&amp;quot;form-horizontal\&amp;quot;]/div[@class=\&amp;quot;form-group\&amp;quot;]/input[@id=\&amp;quot;Password\&amp;quot;]) = count(id(\&amp;quot;page-wrapper\&amp;quot;)/div[@class=\&amp;quot;wrapper wrapper-content\&amp;quot;]/div[@class=\&amp;quot;container\&amp;quot;]/div[@class=\&amp;quot;middle-box text-center loginscreen animated fadeInDown\&amp;quot;]/div[1]/form[@class=\&amp;quot;form-horizontal\&amp;quot;]/div[@class=\&amp;quot;form-group\&amp;quot;]/input[@id=\&amp;quot;Password\&amp;quot;])]&amp;apos; in &amp;apos;30&amp;apos; second(s)</message>
  <nestedLevel>1</nestedLevel>
</record>
<record>
  <date>2017-05-13T18:03:49</date>
  <millis>1494691429711</millis>
  <sequence>46</sequence>
  <level>INFO</level>
  <class>com.kms.katalon.core.logging.KeywordLogger</class>
  <method>logMessage</method>
  <thread>1</thread>
  <message>Setting text of object &amp;apos;Object Repository/DK Production/Verify Site Up and Runing/input_Password&amp;apos; to value &amp;apos;P@ssw0rd@2017&amp;apos;</message>
  <nestedLevel>1</nestedLevel>
</record>
<record>
  <date>2017-05-13T18:03:49</date>
  <millis>1494691429857</millis>
  <sequence>47</sequence>
  <level>PASSED</level>
  <class>com.kms.katalon.core.logging.KeywordLogger</class>
  <method>logMessage</method>
  <thread>1</thread>
  <message>Text &amp;apos;P@ssw0rd@2017&amp;apos; is set on object &amp;apos;Object Repository/DK Production/Verify Site Up and Runing/input_Password&amp;apos;</message>
  <nestedLevel>1</nestedLevel>
</record>
<record>
  <date>2017-05-13T18:03:49</date>
  <millis>1494691429858</millis>
  <sequence>48</sequence>
  <level>END</level>
  <class>com.kms.katalon.core.logging.KeywordLogger</class>
  <method>endKeyword</method>
  <thread>1</thread>
  <message>End action : setText</message>
  <nestedLevel>1</nestedLevel>
</record>
<record>
  <date>2017-05-13T18:03:49</date>
  <millis>1494691429859</millis>
  <sequence>49</sequence>
  <level>START</level>
  <class>com.kms.katalon.core.logging.KeywordLogger</class>
  <method>startKeyword</method>
  <thread>1</thread>
  <message>Start action : click</message>
  <nestedLevel>1</nestedLevel>
  <property name="startLine">30</property>
  <property name="stepIndex">5</property>
</record>
<record>
  <date>2017-05-13T18:03:49</date>
  <millis>1494691429860</millis>
  <sequence>50</sequence>
  <level>INFO</level>
  <class>com.kms.katalon.core.logging.KeywordLogger</class>
  <method>logMessage</method>
  <thread>1</thread>
  <message>Finding Test Object with id &amp;apos;Object Repository/DK Production/Verify Site Up and Runing/input_btn btn-info block full-&amp;apos;</message>
  <nestedLevel>1</nestedLevel>
</record>
<record>
  <date>2017-05-13T18:03:49</date>
  <millis>1494691429873</millis>
  <sequence>51</sequence>
  <level>INFO</level>
  <class>com.kms.katalon.core.logging.KeywordLogger</class>
  <method>logMessage</method>
  <thread>1</thread>
  <message>Checking object</message>
  <nestedLevel>1</nestedLevel>
</record>
<record>
  <date>2017-05-13T18:03:49</date>
  <millis>1494691429873</millis>
  <sequence>52</sequence>
  <level>INFO</level>
  <class>com.kms.katalon.core.logging.KeywordLogger</class>
  <method>logMessage</method>
  <thread>1</thread>
  <message>Checking timeout</message>
  <nestedLevel>1</nestedLevel>
</record>
<record>
  <date>2017-05-13T18:03:49</date>
  <millis>1494691429874</millis>
  <sequence>53</sequence>
  <level>INFO</level>
  <class>com.kms.katalon.core.logging.KeywordLogger</class>
  <method>logMessage</method>
  <thread>1</thread>
  <message>Finding web element with id: &amp;apos;Object Repository/DK Production/Verify Site Up and Runing/input_btn btn-info block full-&amp;apos; located by &amp;apos;By.xpath: //input[count(. | id(\&amp;quot;page-wrapper\&amp;quot;)/div[@class=\&amp;quot;wrapper wrapper-content\&amp;quot;]/div[@class=\&amp;quot;container\&amp;quot;]/div[@class=\&amp;quot;middle-box text-center loginscreen animated fadeInDown\&amp;quot;]/div[1]/form[@class=\&amp;quot;form-horizontal\&amp;quot;]/input[@class=\&amp;quot;btn btn-info block full-width m-b\&amp;quot;]) = count(id(\&amp;quot;page-wrapper\&amp;quot;)/div[@class=\&amp;quot;wrapper wrapper-content\&amp;quot;]/div[@class=\&amp;quot;container\&amp;quot;]/div[@class=\&amp;quot;middle-box text-center loginscreen animated fadeInDown\&amp;quot;]/div[1]/form[@class=\&amp;quot;form-horizontal\&amp;quot;]/input[@class=\&amp;quot;btn btn-info block full-width m-b\&amp;quot;])]&amp;apos; in &amp;apos;30&amp;apos; second(s)</message>
  <nestedLevel>1</nestedLevel>
</record>
<record>
  <date>2017-05-13T18:03:49</date>
  <millis>1494691429895</millis>
  <sequence>54</sequence>
  <level>INFO</level>
  <class>com.kms.katalon.core.logging.KeywordLogger</class>
  <method>logMessage</method>
  <thread>1</thread>
  <message>Found 1 web elements with id: &amp;apos;Object Repository/DK Production/Verify Site Up and Runing/input_btn btn-info block full-&amp;apos; located by &amp;apos;By.xpath: //input[count(. | id(\&amp;quot;page-wrapper\&amp;quot;)/div[@class=\&amp;quot;wrapper wrapper-content\&amp;quot;]/div[@class=\&amp;quot;container\&amp;quot;]/div[@class=\&amp;quot;middle-box text-center loginscreen animated fadeInDown\&amp;quot;]/div[1]/form[@class=\&amp;quot;form-horizontal\&amp;quot;]/input[@class=\&amp;quot;btn btn-info block full-width m-b\&amp;quot;]) = count(id(\&amp;quot;page-wrapper\&amp;quot;)/div[@class=\&amp;quot;wrapper wrapper-content\&amp;quot;]/div[@class=\&amp;quot;container\&amp;quot;]/div[@class=\&amp;quot;middle-box text-center loginscreen animated fadeInDown\&amp;quot;]/div[1]/form[@class=\&amp;quot;form-horizontal\&amp;quot;]/input[@class=\&amp;quot;btn btn-info block full-width m-b\&amp;quot;])]&amp;apos; in &amp;apos;30&amp;apos; second(s)</message>
  <nestedLevel>1</nestedLevel>
</record>
<record>
  <date>2017-05-13T18:03:49</date>
  <millis>1494691429896</millis>
  <sequence>55</sequence>
  <level>INFO</level>
  <class>com.kms.katalon.core.logging.KeywordLogger</class>
  <method>logMessage</method>
  <thread>1</thread>
  <message>Clicking on object: &amp;apos;Object Repository/DK Production/Verify Site Up and Runing/input_btn btn-info block full-&amp;apos;</message>
  <nestedLevel>1</nestedLevel>
</record>
<record>
  <date>2017-05-13T18:04:00</date>
  <millis>1494691440147</millis>
  <sequence>56</sequence>
  <level>PASSED</level>
  <class>com.kms.katalon.core.logging.KeywordLogger</class>
  <method>logMessage</method>
  <thread>1</thread>
  <message>Object: &amp;apos;Object Repository/DK Production/Verify Site Up and Runing/input_btn btn-info block full-&amp;apos; is clicked on</message>
  <nestedLevel>1</nestedLevel>
</record>
<record>
  <date>2017-05-13T18:04:00</date>
  <millis>1494691440148</millis>
  <sequence>57</sequence>
  <level>END</level>
  <class>com.kms.katalon.core.logging.KeywordLogger</class>
  <method>endKeyword</method>
  <thread>1</thread>
  <message>End action : click</message>
  <nestedLevel>1</nestedLevel>
</record>
<record>
  <date>2017-05-13T18:04:00</date>
  <millis>1494691440149</millis>
  <sequence>58</sequence>
  <level>PASSED</level>
  <class>com.kms.katalon.core.logging.KeywordLogger</class>
  <method>logMessage</method>
  <thread>1</thread>
  <message>Test Cases/DK Production/Verify Site Up and Runing</message>
  <nestedLevel>1</nestedLevel>
</record>
<record>
  <date>2017-05-13T18:04:00</date>
  <millis>1494691440150</millis>
  <sequence>59</sequence>
  <level>END</level>
  <class>com.kms.katalon.core.logging.KeywordLogger</class>
  <method>endTest</method>
  <thread>1</thread>
  <message>End Test Case : Test Cases/DK Production/Verify Site Up and Runing</message>
  <nestedLevel>0</nestedLevel>
</record>
<record>
  <date>2017-05-13T18:04:00</date>
  <millis>1494691440154</millis>
  <sequence>60</sequence>
  <level>END</level>
  <class>com.kms.katalon.core.logging.KeywordLogger</class>
  <method>endSuite</method>
  <thread>1</thread>
  <message>End Test Suite : Verify DK Production</message>
  <nestedLevel>0</nestedLevel>
</record>
</log>
